<?xml version="1.0" encoding="UTF-8"?>
<robot generator="Robot 4.1.3 (Python 3.10.2 on win32)" generated="20220310 21:00:40.404" rpa="false" schemaversion="2">
<suite id="s1" name="Swaglab" source="D:\swaglab\swaglab.robot">
<kw name="Open Browser" library="SeleniumLibrary" type="SETUP">
<arg>${webURL}</arg>
<arg>${BROWSERS}</arg>
<doc>Opens a new browser instance to the optional ``url``.</doc>
<msg timestamp="20220310 21:00:40.607" level="INFO">Opening browser 'Chrome' to base url 'https://www.saucedemo.com/'.</msg>
<status status="PASS" starttime="20220310 21:00:40.607" endtime="20220310 21:00:50.363"/>
</kw>
<test id="s1-t1" name="Login with invalid username user A">
<kw name="I login with invalid username and invalid password">
<arg>userA</arg>
<arg>passwordA</arg>
<kw name="Maximize Browser Window" library="SeleniumLibrary">
<doc>Maximizes current browser window.</doc>
<status status="PASS" starttime="20220310 21:00:50.365" endtime="20220310 21:00:50.493"/>
</kw>
<kw name="Input Text" library="SeleniumLibrary">
<arg>//input[@data-test="username"]</arg>
<arg>${username}</arg>
<doc>Types the given ``text`` into the text field identified by ``locator``.</doc>
<msg timestamp="20220310 21:00:50.493" level="INFO">Typing text 'userA' into text field '//input[@data-test="username"]'.</msg>
<status status="PASS" starttime="20220310 21:00:50.493" endtime="20220310 21:00:50.618"/>
</kw>
<kw name="Input Text" library="SeleniumLibrary">
<arg>//input[@id="password"]</arg>
<arg>${password}</arg>
<doc>Types the given ``text`` into the text field identified by ``locator``.</doc>
<msg timestamp="20220310 21:00:50.619" level="INFO">Typing text 'passwordA' into text field '//input[@id="password"]'.</msg>
<status status="PASS" starttime="20220310 21:00:50.618" endtime="20220310 21:00:50.722"/>
</kw>
<kw name="Click Element" library="SeleniumLibrary">
<arg>id=login-button</arg>
<doc>Click the element identified by ``locator``.</doc>
<msg timestamp="20220310 21:00:50.723" level="INFO">Clicking element 'id=login-button'.</msg>
<status status="PASS" starttime="20220310 21:00:50.722" endtime="20220310 21:00:50.793"/>
</kw>
<kw name="Page Should Contain" library="SeleniumLibrary">
<arg>Epic sadface: Username and password do not match any user in this service</arg>
<doc>Verifies that current page contains ``text``.</doc>
<msg timestamp="20220310 21:00:50.809" level="INFO">Current page contains text 'Epic sadface: Username and password do not match any user in this service'.</msg>
<status status="PASS" starttime="20220310 21:00:50.795" endtime="20220310 21:00:50.810"/>
</kw>
<status status="PASS" starttime="20220310 21:00:50.365" endtime="20220310 21:00:50.810"/>
</kw>
<status status="PASS" starttime="20220310 21:00:50.364" endtime="20220310 21:00:50.810"/>
</test>
<test id="s1-t2" name="Login with invalid username user B">
<kw name="I login with invalid username and invalid password">
<arg>userB</arg>
<arg>passwordB</arg>
<kw name="Maximize Browser Window" library="SeleniumLibrary">
<doc>Maximizes current browser window.</doc>
<status status="PASS" starttime="20220310 21:00:50.812" endtime="20220310 21:00:50.814"/>
</kw>
<kw name="Input Text" library="SeleniumLibrary">
<arg>//input[@data-test="username"]</arg>
<arg>${username}</arg>
<doc>Types the given ``text`` into the text field identified by ``locator``.</doc>
<msg timestamp="20220310 21:00:50.815" level="INFO">Typing text 'userB' into text field '//input[@data-test="username"]'.</msg>
<status status="PASS" starttime="20220310 21:00:50.814" endtime="20220310 21:00:50.866"/>
</kw>
<kw name="Input Text" library="SeleniumLibrary">
<arg>//input[@id="password"]</arg>
<arg>${password}</arg>
<doc>Types the given ``text`` into the text field identified by ``locator``.</doc>
<msg timestamp="20220310 21:00:50.866" level="INFO">Typing text 'passwordB' into text field '//input[@id="password"]'.</msg>
<status status="PASS" starttime="20220310 21:00:50.866" endtime="20220310 21:00:50.918"/>
</kw>
<kw name="Click Element" library="SeleniumLibrary">
<arg>id=login-button</arg>
<doc>Click the element identified by ``locator``.</doc>
<msg timestamp="20220310 21:00:50.918" level="INFO">Clicking element 'id=login-button'.</msg>
<status status="PASS" starttime="20220310 21:00:50.918" endtime="20220310 21:00:50.939"/>
</kw>
<kw name="Page Should Contain" library="SeleniumLibrary">
<arg>Epic sadface: Username and password do not match any user in this service</arg>
<doc>Verifies that current page contains ``text``.</doc>
<msg timestamp="20220310 21:00:50.951" level="INFO">Current page contains text 'Epic sadface: Username and password do not match any user in this service'.</msg>
<status status="PASS" starttime="20220310 21:00:50.939" endtime="20220310 21:00:50.951"/>
</kw>
<status status="PASS" starttime="20220310 21:00:50.811" endtime="20220310 21:00:50.952"/>
</kw>
<status status="PASS" starttime="20220310 21:00:50.811" endtime="20220310 21:00:50.952"/>
</test>
<test id="s1-t3" name="Login with invalid username user C">
<kw name="I login with invalid username and invalid password">
<arg>userC</arg>
<arg>passwordC</arg>
<kw name="Maximize Browser Window" library="SeleniumLibrary">
<doc>Maximizes current browser window.</doc>
<status status="PASS" starttime="20220310 21:00:50.955" endtime="20220310 21:00:50.959"/>
</kw>
<kw name="Input Text" library="SeleniumLibrary">
<arg>//input[@data-test="username"]</arg>
<arg>${username}</arg>
<doc>Types the given ``text`` into the text field identified by ``locator``.</doc>
<msg timestamp="20220310 21:00:50.960" level="INFO">Typing text 'userC' into text field '//input[@data-test="username"]'.</msg>
<status status="PASS" starttime="20220310 21:00:50.959" endtime="20220310 21:00:51.013"/>
</kw>
<kw name="Input Text" library="SeleniumLibrary">
<arg>//input[@id="password"]</arg>
<arg>${password}</arg>
<doc>Types the given ``text`` into the text field identified by ``locator``.</doc>
<msg timestamp="20220310 21:00:51.014" level="INFO">Typing text 'passwordC' into text field '//input[@id="password"]'.</msg>
<status status="PASS" starttime="20220310 21:00:51.013" endtime="20220310 21:00:51.069"/>
</kw>
<kw name="Click Element" library="SeleniumLibrary">
<arg>id=login-button</arg>
<doc>Click the element identified by ``locator``.</doc>
<msg timestamp="20220310 21:00:51.069" level="INFO">Clicking element 'id=login-button'.</msg>
<status status="PASS" starttime="20220310 21:00:51.069" endtime="20220310 21:00:51.092"/>
</kw>
<kw name="Page Should Contain" library="SeleniumLibrary">
<arg>Epic sadface: Username and password do not match any user in this service</arg>
<doc>Verifies that current page contains ``text``.</doc>
<msg timestamp="20220310 21:00:51.100" level="INFO">Current page contains text 'Epic sadface: Username and password do not match any user in this service'.</msg>
<status status="PASS" starttime="20220310 21:00:51.092" endtime="20220310 21:00:51.100"/>
</kw>
<status status="PASS" starttime="20220310 21:00:50.953" endtime="20220310 21:00:51.100"/>
</kw>
<status status="PASS" starttime="20220310 21:00:50.953" endtime="20220310 21:00:51.101"/>
</test>
<kw name="Close Browser" library="SeleniumLibrary" type="TEARDOWN">
<doc>Closes the current browser.</doc>
<status status="PASS" starttime="20220310 21:00:51.102" endtime="20220310 21:00:53.329"/>
</kw>
<status status="PASS" starttime="20220310 21:00:40.407" endtime="20220310 21:00:53.330"/>
</suite>
<statistics>
<total>
<stat pass="3" fail="0" skip="0">All Tests</stat>
</total>
<tag>
</tag>
<suite>
<stat pass="3" fail="0" skip="0" id="s1" name="Swaglab">Swaglab</stat>
</suite>
</statistics>
<errors>
</errors>
</robot>
